#
# There is insufficient memory for the Java Runtime Environment to continue.
# Native memory allocation (malloc) failed to allocate 1842096 bytes for Chunk::new
# Possible reasons:
#   The system is out of physical RAM or swap space
#   The process is running with CompressedOops enabled, and the Java Heap may be blocking the growth of the native heap
# Possible solutions:
#   Reduce memory load on the system
#   Increase physical memory or swap space
#   Check if swap backing store is full
#   Decrease Java heap size (-Xmx/-Xms)
#   Decrease number of Java threads
#   Decrease Java thread stack sizes (-Xss)
#   Set larger code cache with -XX:ReservedCodeCacheSize=
#   JVM is running with Unscaled Compressed Oops mode in which the Java heap is
#     placed in the first 4GB address space. The Java Heap base address is the
#     maximum limit for the native heap growth. Please use -XX:HeapBaseMinAddress
#     to set the Java Heap base and to place the Java Heap above 4GB virtual address.
# This output file may be truncated or incomplete.
#
#  Out of Memory Error (arena.cpp:189), pid=17544, tid=24624
#
# JRE version: OpenJDK Runtime Environment Temurin-17.0.3+7 (17.0.3+7) (build 17.0.3+7)
# Java VM: OpenJDK 64-Bit Server VM Temurin-17.0.3+7 (17.0.3+7, mixed mode, tiered, compressed oops, compressed class ptrs, g1 gc, windows-amd64)
# No core dump will be written. Minidumps are not enabled by default on client versions of Windows
#

---------------  S U M M A R Y ------------

Command Line: -Dfile.encoding=UTF-8 -XX:+ShowCodeDetailsInExceptionMessages com.alkemy.disney.DisneyApplication

Host: AMD Ryzen 3 3250U with Radeon Graphics         , 4 cores, 3G,  Windows 11 , 64 bit Build 22621 (10.0.22621.436)
Time: Wed Aug  3 01:40:03 2022 Hora est. Pacífico, Sudamérica elapsed time: 13.791288 seconds (0d 0h 0m 13s)

---------------  T H R E A D  ---------------

Current thread (0x000002ce49be02a0):  JavaThread "C2 CompilerThread0" daemon [_thread_in_native, id=24624, stack(0x000000f830400000,0x000000f830500000)]


Current CompileTask:
C2:  13791 3131       4       org.springframework.boot.context.properties.source.ConfigurationPropertyName$ElementsParser::parse (234 bytes)

Stack: [0x000000f830400000,0x000000f830500000]
Native frames: (J=compiled Java code, j=interpreted, Vv=VM code, C=native code)
V  [jvm.dll+0x675efa]
V  [jvm.dll+0x830a24]
V  [jvm.dll+0x8321ce]
V  [jvm.dll+0x832833]
V  [jvm.dll+0x2454b5]
V  [jvm.dll+0xabd7b]
V  [jvm.dll+0xac30c]
V  [jvm.dll+0x3635d2]
V  [jvm.dll+0x32dca1]
V  [jvm.dll+0x32d14a]
V  [jvm.dll+0x218361]
V  [jvm.dll+0x217781]
V  [jvm.dll+0x1a3ccd]
V  [jvm.dll+0x227178]
V  [jvm.dll+0x2252bc]
V  [jvm.dll+0x7e673b]
V  [jvm.dll+0x7e0cfa]
V  [jvm.dll+0x674d85]
C  [ucrtbase.dll+0x29363]
C  [KERNEL32.DLL+0x1244d]
C  [ntdll.dll+0x5df78]


---------------  P R O C E S S  ---------------

Threads class SMR info:
_java_thread_list=0x000002ce4c1250f0, length=14, elements={
0x000002ce32f76090, 0x000002ce49bac080, 0x000002ce49badff0, 0x000002ce49bbd6a0,
0x000002ce49bc2080, 0x000002ce49bdb5c0, 0x000002ce49bdba90, 0x000002ce49be02a0,
0x000002ce49c2e610, 0x000002ce4a820e80, 0x000002ce4a92bae0, 0x000002ce4a951a10,
0x000002ce4b347380, 0x000002ce4b3b3020
}

Java Threads: ( => current thread )
  0x000002ce32f76090 JavaThread "main" [_thread_blocked, id=13968, stack(0x000000f82f700000,0x000000f82f800000)]
  0x000002ce49bac080 JavaThread "Reference Handler" daemon [_thread_blocked, id=19760, stack(0x000000f82fe00000,0x000000f82ff00000)]
  0x000002ce49badff0 JavaThread "Finalizer" daemon [_thread_blocked, id=24304, stack(0x000000f82ff00000,0x000000f830000000)]
  0x000002ce49bbd6a0 JavaThread "Signal Dispatcher" daemon [_thread_blocked, id=10128, stack(0x000000f830000000,0x000000f830100000)]
  0x000002ce49bc2080 JavaThread "Attach Listener" daemon [_thread_blocked, id=28332, stack(0x000000f830100000,0x000000f830200000)]
  0x000002ce49bdb5c0 JavaThread "Service Thread" daemon [_thread_blocked, id=8148, stack(0x000000f830200000,0x000000f830300000)]
  0x000002ce49bdba90 JavaThread "Monitor Deflation Thread" daemon [_thread_blocked, id=19036, stack(0x000000f830300000,0x000000f830400000)]
=>0x000002ce49be02a0 JavaThread "C2 CompilerThread0" daemon [_thread_in_native, id=24624, stack(0x000000f830400000,0x000000f830500000)]
  0x000002ce49c2e610 JavaThread "C1 CompilerThread0" daemon [_thread_in_vm, id=22128, stack(0x000000f830500000,0x000000f830600000)]
  0x000002ce4a820e80 JavaThread "Sweeper thread" daemon [_thread_blocked, id=17456, stack(0x000000f830600000,0x000000f830700000)]
  0x000002ce4a92bae0 JavaThread "Notification Thread" daemon [_thread_blocked, id=20180, stack(0x000000f830700000,0x000000f830800000)]
  0x000002ce4a951a10 JavaThread "Common-Cleaner" daemon [_thread_blocked, id=16828, stack(0x000000f830900000,0x000000f830a00000)]
  0x000002ce4b347380 JavaThread "Thread-0" [_thread_blocked, id=26900, stack(0x000000f830f00000,0x000000f831000000)]
  0x000002ce4b3b3020 JavaThread "restartedMain" [_thread_in_Java, id=3172, stack(0x000000f831000000,0x000000f831100000)]

Other Threads:
  0x000002ce49b78be0 VMThread "VM Thread" [stack: 0x000000f82fd00000,0x000000f82fe00000] [id=2128]
  0x000002ce4a92bfb0 WatcherThread [stack: 0x000000f830800000,0x000000f830900000] [id=10752]
  0x000002ce32fb0840 GCTaskThread "GC Thread#0" [stack: 0x000000f82f800000,0x000000f82f900000] [id=20844]
  0x000002ce4b0135d0 GCTaskThread "GC Thread#1" [stack: 0x000000f830a00000,0x000000f830b00000] [id=6408]
  0x000002ce4bc396e0 GCTaskThread "GC Thread#2" [stack: 0x000000f830b00000,0x000000f830c00000] [id=17136]
  0x000002ce4bc1d1f0 GCTaskThread "GC Thread#3" [stack: 0x000000f830c00000,0x000000f830d00000] [id=17840]
  0x000002ce32fb85c0 ConcurrentGCThread "G1 Main Marker" [stack: 0x000000f82f900000,0x000000f82fa00000] [id=11000]
  0x000002ce32fb9fe0 ConcurrentGCThread "G1 Conc#0" [stack: 0x000000f82fa00000,0x000000f82fb00000] [id=29624]
  0x000002ce32ff4b20 ConcurrentGCThread "G1 Refine#0" [stack: 0x000000f82fb00000,0x000000f82fc00000] [id=16220]
  0x000002ce4b26f4f0 ConcurrentGCThread "G1 Refine#1" [stack: 0x000000f830d00000,0x000000f830e00000] [id=21888]
  0x000002ce4aa6dcf0 ConcurrentGCThread "G1 Refine#2" [stack: 0x000000f830e00000,0x000000f830f00000] [id=9792]
  0x000002ce32ff8a70 ConcurrentGCThread "G1 Service" [stack: 0x000000f82fc00000,0x000000f82fd00000] [id=19012]

Threads with active compile tasks:
C2 CompilerThread0    13881 3131       4       org.springframework.boot.context.properties.source.ConfigurationPropertyName$ElementsParser::parse (234 bytes)

VM state: not at safepoint (normal execution)

VM Mutex/Monitor currently owned by a thread: None

Heap address: 0x00000000c8e00000, size: 882 MB, Compressed Oops mode: 32-bit

CDS archive(s) not mapped
Compressed class space mapped at: 0x0000000100000000-0x0000000140000000, reserved size: 1073741824
Narrow klass base: 0x0000000000000000, Narrow klass shift: 3, Narrow klass range: 0x140000000

GC Precious Log:
 CPUs: 4 total, 4 available
 Memory: 3526M
 Large Page Support: Disabled
 NUMA Support: Disabled
 Compressed Oops: Enabled (32-bit)
 Heap Region Size: 1M
 Heap Min Capacity: 8M
 Heap Initial Capacity: 56M
 Heap Max Capacity: 882M
 Pre-touch: Disabled
 Parallel Workers: 4
 Concurrent Workers: 1
 Concurrent Refinement Workers: 4
 Periodic GC: Disabled

Heap:
 garbage-first heap   total 37888K, used 24556K [0x00000000c8e00000, 0x0000000100000000)
  region size 1024K, 16 young (16384K), 3 survivors (3072K)
 Metaspace       used 31821K, committed 32128K, reserved 1081344K
  class space    used 3701K, committed 3840K, reserved 1048576K

Heap Regions: E=young(eden), S=young(survivor), O=old, HS=humongous(starts), HC=humongous(continues), CS=collection set, F=free, OA=open archive, CA=closed archive, TAMS=top-at-mark-start (previous, next)
|   0|0x00000000c8e00000, 0x00000000c8f00000, 0x00000000c8f00000|100%|HS|  |TAMS 0x00000000c8f00000, 0x00000000c8e00000| Complete 
|   1|0x00000000c8f00000, 0x00000000c9000000, 0x00000000c9000000|100%| O|  |TAMS 0x00000000c9000000, 0x00000000c8f00000| Untracked 
|   2|0x00000000c9000000, 0x00000000c9100000, 0x00000000c9100000|100%| O|  |TAMS 0x00000000c9100000, 0x00000000c9000000| Untracked 
|   3|0x00000000c9100000, 0x00000000c9200000, 0x00000000c9200000|100%| O|  |TAMS 0x00000000c9200000, 0x00000000c9100000| Untracked 
|   4|0x00000000c9200000, 0x00000000c9300000, 0x00000000c9300000|100%| O|  |TAMS 0x00000000c9300000, 0x00000000c9200000| Untracked 
|   5|0x00000000c9300000, 0x00000000c9400000, 0x00000000c9400000|100%| O|  |TAMS 0x00000000c9400000, 0x00000000c9300000| Untracked 
|   6|0x00000000c9400000, 0x00000000c9400000, 0x00000000c9500000|  0%| F|  |TAMS 0x00000000c9400000, 0x00000000c9400000| Untracked 
|   7|0x00000000c9500000, 0x00000000c9600000, 0x00000000c9600000|100%| O|  |TAMS 0x00000000c9500000, 0x00000000c9500000| Untracked 
|   8|0x00000000c9600000, 0x00000000c9700000, 0x00000000c9700000|100%| O|  |TAMS 0x00000000c9600000, 0x00000000c9600000| Untracked 
|   9|0x00000000c9700000, 0x00000000c9800000, 0x00000000c9800000|100%| O|  |TAMS 0x00000000c9700000, 0x00000000c9700000| Untracked 
|  10|0x00000000c9800000, 0x00000000c9800000, 0x00000000c9900000|  0%| F|  |TAMS 0x00000000c9800000, 0x00000000c9800000| Untracked 
|  11|0x00000000c9900000, 0x00000000c9900000, 0x00000000c9a00000|  0%| F|  |TAMS 0x00000000c9900000, 0x00000000c9900000| Untracked 
|  12|0x00000000c9a00000, 0x00000000c9a00000, 0x00000000c9b00000|  0%| F|  |TAMS 0x00000000c9a00000, 0x00000000c9a00000| Untracked 
|  13|0x00000000c9b00000, 0x00000000c9b00000, 0x00000000c9c00000|  0%| F|  |TAMS 0x00000000c9b00000, 0x00000000c9b00000| Untracked 
|  14|0x00000000c9c00000, 0x00000000c9cb1000, 0x00000000c9d00000| 69%| O|  |TAMS 0x00000000c9c00000, 0x00000000c9c00000| Untracked 
|  15|0x00000000c9d00000, 0x00000000c9d00000, 0x00000000c9e00000|  0%| F|  |TAMS 0x00000000c9d00000, 0x00000000c9d00000| Untracked 
|  16|0x00000000c9e00000, 0x00000000c9e00000, 0x00000000c9f00000|  0%| F|  |TAMS 0x00000000c9e00000, 0x00000000c9e00000| Untracked 
|  17|0x00000000c9f00000, 0x00000000c9f4a2b0, 0x00000000ca000000| 28%| S|CS|TAMS 0x00000000c9f00000, 0x00000000c9f00000| Complete 
|  18|0x00000000ca000000, 0x00000000ca100000, 0x00000000ca100000|100%| S|CS|TAMS 0x00000000ca000000, 0x00000000ca000000| Complete 
|  19|0x00000000ca100000, 0x00000000ca100000, 0x00000000ca200000|  0%| F|  |TAMS 0x00000000ca100000, 0x00000000ca100000| Untracked 
|  20|0x00000000ca200000, 0x00000000ca200000, 0x00000000ca300000|  0%| F|  |TAMS 0x00000000ca200000, 0x00000000ca200000| Untracked 
|  21|0x00000000ca300000, 0x00000000ca400000, 0x00000000ca400000|100%| S|CS|TAMS 0x00000000ca300000, 0x00000000ca300000| Complete 
|  22|0x00000000ca400000, 0x00000000ca400000, 0x00000000ca500000|  0%| F|  |TAMS 0x00000000ca400000, 0x00000000ca400000| Untracked 
|  23|0x00000000ca500000, 0x00000000ca500000, 0x00000000ca600000|  0%| F|  |TAMS 0x00000000ca500000, 0x00000000ca500000| Untracked 
|  24|0x00000000ca600000, 0x00000000ca6ba668, 0x00000000ca700000| 72%| E|  |TAMS 0x00000000ca600000, 0x00000000ca600000| Complete 
|  25|0x00000000ca700000, 0x00000000ca800000, 0x00000000ca800000|100%| E|CS|TAMS 0x00000000ca700000, 0x00000000ca700000| Complete 
|  26|0x00000000ca800000, 0x00000000ca900000, 0x00000000ca900000|100%| E|CS|TAMS 0x00000000ca800000, 0x00000000ca800000| Complete 
|  27|0x00000000ca900000, 0x00000000caa00000, 0x00000000caa00000|100%| E|CS|TAMS 0x00000000ca900000, 0x00000000ca900000| Complete 
|  28|0x00000000caa00000, 0x00000000cab00000, 0x00000000cab00000|100%| E|CS|TAMS 0x00000000caa00000, 0x00000000caa00000| Complete 
|  29|0x00000000cab00000, 0x00000000cac00000, 0x00000000cac00000|100%| E|CS|TAMS 0x00000000cab00000, 0x00000000cab00000| Complete 
|  30|0x00000000cac00000, 0x00000000cad00000, 0x00000000cad00000|100%| E|CS|TAMS 0x00000000cac00000, 0x00000000cac00000| Complete 
|  31|0x00000000cad00000, 0x00000000cae00000, 0x00000000cae00000|100%| E|CS|TAMS 0x00000000cad00000, 0x00000000cad00000| Complete 
|  32|0x00000000cae00000, 0x00000000caf00000, 0x00000000caf00000|100%| E|CS|TAMS 0x00000000cae00000, 0x00000000cae00000| Complete 
|  44|0x00000000cba00000, 0x00000000cbb00000, 0x00000000cbb00000|100%| E|CS|TAMS 0x00000000cba00000, 0x00000000cba00000| Complete 
|  45|0x00000000cbb00000, 0x00000000cbc00000, 0x00000000cbc00000|100%| E|CS|TAMS 0x00000000cbb00000, 0x00000000cbb00000| Complete 
|  46|0x00000000cbc00000, 0x00000000cbd00000, 0x00000000cbd00000|100%| E|CS|TAMS 0x00000000cbc00000, 0x00000000cbc00000| Complete 
|  55|0x00000000cc500000, 0x00000000cc600000, 0x00000000cc600000|100%| E|CS|TAMS 0x00000000cc500000, 0x00000000cc500000| Complete 

Card table byte_map: [0x000002ce457e0000,0x000002ce459a0000] _byte_map_base: 0x000002ce45199000

Marking Bits (Prev, Next): (CMBitMap*) 0x000002ce32fb0e90, (CMBitMap*) 0x000002ce32fb0e50
 Prev Bits: [0x000002ce46930000, 0x000002ce476f8000)
 Next Bits: [0x000002ce45b60000, 0x000002ce46928000)

Polling page: 0x000002ce32740000

Metaspace:

Usage:
  Non-class:     27.46 MB used.
      Class:      3.62 MB used.
       Both:     31.08 MB used.

Virtual space:
  Non-class space:       32.00 MB reserved,      27.62 MB ( 86%) committed,  4 nodes.
      Class space:        1.00 GB reserved,       3.75 MB ( <1%) committed,  1 nodes.
             Both:        1.03 GB reserved,      31.38 MB (  3%) committed. 

Chunk freelists:
   Non-Class:  3.91 MB
       Class:  64.00 KB
        Both:  3.97 MB

MaxMetaspaceSize: unlimited
CompressedClassSpaceSize: 1.00 GB
Initial GC threshold: 21.00 MB
Current GC threshold: 35.25 MB
CDS: off
MetaspaceReclaimPolicy: balanced
 - commit_granule_bytes: 65536.
 - commit_granule_words: 8192.
 - virtual_space_node_default_size: 1048576.
 - enlarge_chunks_in_place: 1.
 - new_chunks_are_fully_committed: 0.
 - uncommit_free_chunks: 1.
 - use_allocation_guard: 0.
 - handle_deallocations: 1.


Internal statistics:

num_allocs_failed_limit: 5.
num_arena_births: 288.
num_arena_deaths: 0.
num_vsnodes_births: 5.
num_vsnodes_deaths: 0.
num_space_committed: 502.
num_space_uncommitted: 0.
num_chunks_returned_to_freelist: 5.
num_chunks_taken_from_freelist: 1134.
num_chunk_merges: 5.
num_chunk_splits: 745.
num_chunks_enlarged: 543.
num_purges: 0.
num_inconsistent_stats: 0.

CodeHeap 'non-profiled nmethods': size=120000Kb used=1431Kb max_used=1431Kb free=118568Kb
 bounds [0x000002ce3e0f0000, 0x000002ce3e360000, 0x000002ce45620000]
CodeHeap 'profiled nmethods': size=120000Kb used=7178Kb max_used=7178Kb free=112821Kb
 bounds [0x000002ce36bc0000, 0x000002ce372d0000, 0x000002ce3e0f0000]
CodeHeap 'non-nmethods': size=5760Kb used=1179Kb max_used=1225Kb free=4580Kb
 bounds [0x000002ce36620000, 0x000002ce36890000, 0x000002ce36bc0000]
 total_blobs=3743 nmethods=3271 adapters=383
 compilation: enabled
              stopped_count=0, restarted_count=0
 full_count=0

Compilation events (20 events):
Event: 13.745 Thread 0x000002ce49c2e610 3270       3       org.springframework.orm.jpa.support.PersistenceAnnotationBeanPostProcessor$$Lambda$404/0x0000000100349518::doWith (13 bytes)
Event: 13.745 Thread 0x000002ce49c2e610 nmethod 3270 0x000002ce372bcf10 code [0x000002ce372bd0c0, 0x000002ce372bd208]
Event: 13.746 Thread 0x000002ce49c2e610 3271       3       org.springframework.context.annotation.CommonAnnotationBeanPostProcessor$$Lambda$407/0x0000000100349b78::doWith (13 bytes)
Event: 13.746 Thread 0x000002ce49c2e610 nmethod 3271 0x000002ce372bd310 code [0x000002ce372bd4c0, 0x000002ce372bd608]
Event: 13.746 Thread 0x000002ce49c2e610 3272       3       org.springframework.beans.factory.annotation.AutowiredAnnotationBeanPostProcessor$$Lambda$409/0x0000000100349fb8::doWith (13 bytes)
Event: 13.746 Thread 0x000002ce49c2e610 nmethod 3272 0x000002ce372bd710 code [0x000002ce372bd8c0, 0x000002ce372bda08]
Event: 13.746 Thread 0x000002ce49c2e610 3273       1       org.springframework.beans.factory.config.InstantiationAwareBeanPostProcessor::postProcessAfterInstantiation (2 bytes)
Event: 13.746 Thread 0x000002ce49c2e610 nmethod 3273 0x000002ce3e255a10 code [0x000002ce3e255ba0, 0x000002ce3e255c78]
Event: 13.747 Thread 0x000002ce49c2e610 3274       3       org.springframework.transaction.annotation.AnnotationTransactionAttributeSource::findTransactionAttribute (6 bytes)
Event: 13.747 Thread 0x000002ce49c2e610 nmethod 3274 0x000002ce372bdb10 code [0x000002ce372bdcc0, 0x000002ce372bde08]
Event: 13.747 Thread 0x000002ce49c2e610 3276       3       org.springframework.transaction.annotation.JtaTransactionAnnotationParser::parseTransactionAnnotation (19 bytes)
Event: 13.747 Thread 0x000002ce49c2e610 nmethod 3276 0x000002ce372bde90 code [0x000002ce372be040, 0x000002ce372be238]
Event: 13.747 Thread 0x000002ce49c2e610 3275       3       org.springframework.transaction.annotation.AnnotationTransactionAttributeSource::findTransactionAttribute (6 bytes)
Event: 13.747 Thread 0x000002ce49c2e610 nmethod 3275 0x000002ce372be310 code [0x000002ce372be4c0, 0x000002ce372be608]
Event: 13.747 Thread 0x000002ce49c2e610 3277   !   3       org.springframework.core.annotation.AnnotationsScanner::processMethodInheritedAnnotations (33 bytes)
Event: 13.748 Thread 0x000002ce49c2e610 nmethod 3277 0x000002ce372be690 code [0x000002ce372be860, 0x000002ce372beb68]
Event: 13.749 Thread 0x000002ce49c2e610 3278       3       java.util.Collections$UnmodifiableRandomAccessList::<init> (6 bytes)
Event: 13.749 Thread 0x000002ce49c2e610 nmethod 3278 0x000002ce372bed10 code [0x000002ce372beee0, 0x000002ce372bf2c8]
Event: 13.752 Thread 0x000002ce49c2e610 3279       3       org.springframework.transaction.interceptor.AbstractFallbackTransactionAttributeSource::computeTransactionAttribute (112 bytes)
Event: 13.754 Thread 0x000002ce49c2e610 nmethod 3279 0x000002ce372bf410 code [0x000002ce372bf800, 0x000002ce372c1208]

GC Heap History (16 events):
Event: 3.811 GC heap before
{Heap before GC invocations=0 (full 0):
 garbage-first heap   total 57344K, used 13312K [0x00000000c8e00000, 0x0000000100000000)
  region size 1024K, 13 young (13312K), 0 survivors (0K)
 Metaspace       used 10572K, committed 10688K, reserved 1064960K
  class space    used 957K, committed 1024K, reserved 1048576K
}
Event: 3.855 GC heap after
{Heap after GC invocations=1 (full 0):
 garbage-first heap   total 57344K, used 6240K [0x00000000c8e00000, 0x0000000100000000)
  region size 1024K, 2 young (2048K), 2 survivors (2048K)
 Metaspace       used 10572K, committed 10688K, reserved 1064960K
  class space    used 957K, committed 1024K, reserved 1048576K
}
Event: 5.146 GC heap before
{Heap before GC invocations=1 (full 0):
 garbage-first heap   total 57344K, used 14432K [0x00000000c8e00000, 0x0000000100000000)
  region size 1024K, 11 young (11264K), 2 survivors (2048K)
 Metaspace       used 13583K, committed 13696K, reserved 1064960K
  class space    used 1318K, committed 1344K, reserved 1048576K
}
Event: 5.150 GC heap after
{Heap after GC invocations=2 (full 0):
 garbage-first heap   total 57344K, used 6866K [0x00000000c8e00000, 0x0000000100000000)
  region size 1024K, 1 young (1024K), 1 survivors (1024K)
 Metaspace       used 13583K, committed 13696K, reserved 1064960K
  class space    used 1318K, committed 1344K, reserved 1048576K
}
Event: 7.466 GC heap before
{Heap before GC invocations=2 (full 0):
 garbage-first heap   total 57344K, used 25298K [0x00000000c8e00000, 0x0000000100000000)
  region size 1024K, 20 young (20480K), 1 survivors (1024K)
 Metaspace       used 19130K, committed 19328K, reserved 1073152K
  class space    used 2020K, committed 2112K, reserved 1048576K
}
Event: 7.471 GC heap after
{Heap after GC invocations=3 (full 0):
 garbage-first heap   total 57344K, used 8208K [0x00000000c8e00000, 0x0000000100000000)
  region size 1024K, 2 young (2048K), 2 survivors (2048K)
 Metaspace       used 19130K, committed 19328K, reserved 1073152K
  class space    used 2020K, committed 2112K, reserved 1048576K
}
Event: 7.899 GC heap before
{Heap before GC invocations=3 (full 0):
 garbage-first heap   total 57344K, used 15376K [0x00000000c8e00000, 0x0000000100000000)
  region size 1024K, 11 young (11264K), 2 survivors (2048K)
 Metaspace       used 21351K, committed 21504K, reserved 1073152K
  class space    used 2287K, committed 2368K, reserved 1048576K
}
Event: 7.902 GC heap after
{Heap after GC invocations=4 (full 0):
 garbage-first heap   total 57344K, used 8607K [0x00000000c8e00000, 0x0000000100000000)
  region size 1024K, 3 young (3072K), 3 survivors (3072K)
 Metaspace       used 21351K, committed 21504K, reserved 1073152K
  class space    used 2287K, committed 2368K, reserved 1048576K
}
Event: 9.012 GC heap before
{Heap before GC invocations=5 (full 0):
 garbage-first heap   total 37888K, used 27039K [0x00000000c8e00000, 0x0000000100000000)
  region size 1024K, 23 young (23552K), 3 survivors (3072K)
 Metaspace       used 24845K, committed 25088K, reserved 1073152K
  class space    used 2736K, committed 2816K, reserved 1048576K
}
Event: 9.017 GC heap after
{Heap after GC invocations=6 (full 0):
 garbage-first heap   total 37888K, used 10161K [0x00000000c8e00000, 0x0000000100000000)
  region size 1024K, 4 young (4096K), 4 survivors (4096K)
 Metaspace       used 24845K, committed 25088K, reserved 1073152K
  class space    used 2736K, committed 2816K, reserved 1048576K
}
Event: 9.102 GC heap before
{Heap before GC invocations=6 (full 0):
 garbage-first heap   total 37888K, used 11185K [0x00000000c8e00000, 0x0000000100000000)
  region size 1024K, 5 young (5120K), 4 survivors (4096K)
 Metaspace       used 24948K, committed 25152K, reserved 1073152K
  class space    used 2742K, committed 2816K, reserved 1048576K
}
Event: 9.106 GC heap after
{Heap after GC invocations=7 (full 0):
 garbage-first heap   total 37888K, used 10354K [0x00000000c8e00000, 0x0000000100000000)
  region size 1024K, 1 young (1024K), 1 survivors (1024K)
 Metaspace       used 24948K, committed 25152K, reserved 1073152K
  class space    used 2742K, committed 2816K, reserved 1048576K
}
Event: 10.499 GC heap before
{Heap before GC invocations=7 (full 0):
 garbage-first heap   total 37888K, used 25714K [0x00000000c8e00000, 0x0000000100000000)
  region size 1024K, 16 young (16384K), 1 survivors (1024K)
 Metaspace       used 26686K, committed 26944K, reserved 1073152K
  class space    used 2951K, committed 3072K, reserved 1048576K
}
Event: 10.503 GC heap after
{Heap after GC invocations=8 (full 0):
 garbage-first heap   total 37888K, used 11026K [0x00000000c8e00000, 0x0000000100000000)
  region size 1024K, 2 young (2048K), 2 survivors (2048K)
 Metaspace       used 26686K, committed 26944K, reserved 1073152K
  class space    used 2951K, committed 3072K, reserved 1048576K
}
Event: 12.236 GC heap before
{Heap before GC invocations=8 (full 0):
 garbage-first heap   total 37888K, used 26386K [0x00000000c8e00000, 0x0000000100000000)
  region size 1024K, 17 young (17408K), 2 survivors (2048K)
 Metaspace       used 29181K, committed 29440K, reserved 1081344K
  class space    used 3300K, committed 3392K, reserved 1048576K
}
Event: 12.240 GC heap after
{Heap after GC invocations=9 (full 0):
 garbage-first heap   total 37888K, used 12268K [0x00000000c8e00000, 0x0000000100000000)
  region size 1024K, 3 young (3072K), 3 survivors (3072K)
 Metaspace       used 29181K, committed 29440K, reserved 1081344K
  class space    used 3300K, committed 3392K, reserved 1048576K
}

Deoptimization events (20 events):
Event: 13.296 Thread 0x000002ce4b3b3020 DEOPT PACKING pc=0x000002ce3e1a4508 sp=0x000000f8310fb9b0
Event: 13.296 Thread 0x000002ce4b3b3020 DEOPT UNPACKING pc=0x000002ce366723a3 sp=0x000000f8310fb930 mode 2
Event: 13.361 Thread 0x000002ce4b3b3020 DEOPT PACKING pc=0x000002ce37245838 sp=0x000000f8310fa390
Event: 13.361 Thread 0x000002ce4b3b3020 DEOPT UNPACKING pc=0x000002ce36672b43 sp=0x000000f8310f98b0 mode 0
Event: 13.476 Thread 0x000002ce4b3b3020 Uncommon trap: trap_request=0xffffffde fr.pc=0x000002ce3e1a4508 relative=0x0000000000001048
Event: 13.476 Thread 0x000002ce4b3b3020 Uncommon trap: reason=class_check action=maybe_recompile pc=0x000002ce3e1a4508 method=java.util.concurrent.ConcurrentHashMap.putVal(Ljava/lang/Object;Ljava/lang/Object;Z)Ljava/lang/Object; @ 242 c2
Event: 13.476 Thread 0x000002ce4b3b3020 DEOPT PACKING pc=0x000002ce3e1a4508 sp=0x000000f8310fcf70
Event: 13.476 Thread 0x000002ce4b3b3020 DEOPT UNPACKING pc=0x000002ce366723a3 sp=0x000000f8310fcef0 mode 2
Event: 13.478 Thread 0x000002ce4b3b3020 Uncommon trap: trap_request=0xffffffde fr.pc=0x000002ce3e1a4508 relative=0x0000000000001048
Event: 13.478 Thread 0x000002ce4b3b3020 Uncommon trap: reason=class_check action=maybe_recompile pc=0x000002ce3e1a4508 method=java.util.concurrent.ConcurrentHashMap.putVal(Ljava/lang/Object;Ljava/lang/Object;Z)Ljava/lang/Object; @ 242 c2
Event: 13.478 Thread 0x000002ce4b3b3020 DEOPT PACKING pc=0x000002ce3e1a4508 sp=0x000000f8310fcf70
Event: 13.478 Thread 0x000002ce4b3b3020 DEOPT UNPACKING pc=0x000002ce366723a3 sp=0x000000f8310fcef0 mode 2
Event: 13.741 Thread 0x000002ce4b3b3020 Uncommon trap: trap_request=0xffffff45 fr.pc=0x000002ce3e24f7e4 relative=0x0000000000004dc4
Event: 13.741 Thread 0x000002ce4b3b3020 Uncommon trap: reason=unstable_if action=reinterpret pc=0x000002ce3e24f7e4 method=java.lang.invoke.MethodType.makeImpl(Ljava/lang/Class;[Ljava/lang/Class;Z)Ljava/lang/invoke/MethodType; @ 47 c2
Event: 13.741 Thread 0x000002ce4b3b3020 DEOPT PACKING pc=0x000002ce3e24f7e4 sp=0x000000f8310fb940
Event: 13.741 Thread 0x000002ce4b3b3020 DEOPT UNPACKING pc=0x000002ce366723a3 sp=0x000000f8310fb958 mode 2
Event: 13.783 Thread 0x000002ce4b3b3020 Uncommon trap: trap_request=0xffffff45 fr.pc=0x000002ce3e1e82d8 relative=0x00000000000002b8
Event: 13.783 Thread 0x000002ce4b3b3020 Uncommon trap: reason=unstable_if action=reinterpret pc=0x000002ce3e1e82d8 method=java.util.LinkedHashMap.get(Ljava/lang/Object;)Ljava/lang/Object; @ 16 c2
Event: 13.783 Thread 0x000002ce4b3b3020 DEOPT PACKING pc=0x000002ce3e1e82d8 sp=0x000000f8310fdab0
Event: 13.783 Thread 0x000002ce4b3b3020 DEOPT UNPACKING pc=0x000002ce366723a3 sp=0x000000f8310fda68 mode 2

Classes unloaded (0 events):
No events

Classes redefined (0 events):
No events

Internal exceptions (20 events):
Event: 12.259 Thread 0x000002ce4b3b3020 Exception <a 'java/lang/ClassNotFoundException'{0x00000000cc57c120}: org/springframework/beans/factory/AwareCustomizer> (0x00000000cc57c120) 
thrown [e:\jenkins\tmp\workspace\build\src\src\hotspot\share\classfile\systemDictionary.cpp, line 256]
Event: 12.259 Thread 0x000002ce4b3b3020 Exception <a 'java/lang/ClassNotFoundException'{0x00000000cc580a28}: org/springframework/core/OrderedCustomizer> (0x00000000cc580a28) 
thrown [e:\jenkins\tmp\workspace\build\src\src\hotspot\share\classfile\systemDictionary.cpp, line 256]
Event: 12.260 Thread 0x000002ce4b3b3020 Exception <a 'java/lang/ClassNotFoundException'{0x00000000cc586128}: org/springframework/beans/factory/BeanClassLoaderAwareCustomizer> (0x00000000cc586128) 
thrown [e:\jenkins\tmp\workspace\build\src\src\hotspot\share\classfile\systemDictionary.cpp, line 256]
Event: 12.260 Thread 0x000002ce4b3b3020 Exception <a 'java/lang/ClassNotFoundException'{0x00000000cc58b870}: org/springframework/beans/factory/AwareCustomizer> (0x00000000cc58b870) 
thrown [e:\jenkins\tmp\workspace\build\src\src\hotspot\share\classfile\systemDictionary.cpp, line 256]
Event: 12.261 Thread 0x000002ce4b3b3020 Exception <a 'java/lang/ClassNotFoundException'{0x00000000cc590478}: org/springframework/aop/framework/AopInfrastructureBeanCustomizer> (0x00000000cc590478) 
thrown [e:\jenkins\tmp\workspace\build\src\src\hotspot\share\classfile\systemDictionary.cpp, line 256]
Event: 12.489 Thread 0x000002ce4b3b3020 Exception <a 'java/lang/ClassNotFoundException'{0x00000000cbc8a190}: java/lang/ObjectCustomizer> (0x00000000cbc8a190) 
thrown [e:\jenkins\tmp\workspace\build\src\src\hotspot\share\classfile\systemDictionary.cpp, line 256]
Event: 12.496 Thread 0x000002ce4b3b3020 Exception <a 'java/lang/ClassNotFoundException'{0x00000000cbc93330}: org/springframework/transaction/annotation/AbstractTransactionManagementConfigurationCustomizer> (0x00000000cbc93330) 
thrown [e:\jenkins\tmp\workspace\build\src\src\hotspot\share\classfile\systemDictionary.cpp, line 256]
Event: 12.498 Thread 0x000002ce4b3b3020 Exception <a 'java/lang/ClassNotFoundException'{0x00000000cbc9b1b8}: org/springframework/transaction/annotation/ProxyTransactionManagementConfigurationCustomizer> (0x00000000cbc9b1b8) 
thrown [e:\jenkins\tmp\workspace\build\src\src\hotspot\share\classfile\systemDictionary.cpp, line 256]
Event: 12.499 Thread 0x000002ce4b3b3020 Exception <a 'java/lang/ClassNotFoundException'{0x00000000cbca4768}: org/springframework/context/annotation/ImportAwareCustomizer> (0x00000000cbca4768) 
thrown [e:\jenkins\tmp\workspace\build\src\src\hotspot\share\classfile\systemDictionary.cpp, line 256]
Event: 12.500 Thread 0x000002ce4b3b3020 Exception <a 'java/lang/ClassNotFoundException'{0x00000000cbcaaae8}: org/springframework/beans/factory/AwareCustomizer> (0x00000000cbcaaae8) 
thrown [e:\jenkins\tmp\workspace\build\src\src\hotspot\share\classfile\systemDictionary.cpp, line 256]
Event: 12.898 Thread 0x000002ce4b3b3020 Exception <a 'java/lang/NoSuchMethodError'{0x00000000cba51fc8}: 'java.lang.Object java.lang.invoke.DirectMethodHandle$Holder.invokeSpecialIFC(java.lang.Object, java.lang.Object, java.lang.Object)'> (0x00000000cba51fc8) 
thrown [e:\jenkins\tmp\workspace\build\src\src\hotspot\share\interpreter\linkResolver.cpp, line 766]
Event: 13.102 Thread 0x000002ce4b3b3020 Implicit null exception at 0x000002ce3e19981e to 0x000002ce3e19a690
Event: 13.206 Thread 0x000002ce4b3b3020 Exception <a 'java/lang/NoSuchMethodError'{0x00000000caebd518}: 'int java.lang.invoke.DirectMethodHandle$Holder.invokeSpecial(java.lang.Object, java.lang.Object, java.lang.Object, java.lang.Object, java.lang.Object)'> (0x00000000caebd518) 
thrown [e:\jenkins\tmp\workspace\build\src\src\hotspot\share\interpreter\linkResolver.cpp, line 766]
Event: 13.325 Thread 0x000002ce4b3b3020 Exception <a 'java/lang/NoSuchMethodError'{0x00000000cac8a9b0}: 'java.lang.Object java.lang.invoke.DirectMethodHandle$Holder.invokeStatic(java.lang.Object, java.lang.Object, int)'> (0x00000000cac8a9b0) 
thrown [e:\jenkins\tmp\workspace\build\src\src\hotspot\share\interpreter\linkResolver.cpp, line 766]
Event: 13.330 Thread 0x000002ce4b3b3020 Exception <a 'java/lang/NoSuchMethodError'{0x00000000cac966f0}: 'void java.lang.invoke.DelegatingMethodHandle$Holder.delegate(java.lang.Object, java.lang.Object, int, java.lang.Object)'> (0x00000000cac966f0) 
thrown [e:\jenkins\tmp\workspace\build\src\src\hotspot\share\interpreter\linkResolver.cpp, line 766]
Event: 13.371 Thread 0x000002ce4b3b3020 Exception <a 'java/lang/NoSuchMethodError'{0x00000000cab25d70}: 'void java.lang.invoke.DirectMethodHandle$Holder.invokeStatic(java.lang.Object, java.lang.Object, int)'> (0x00000000cab25d70) 
thrown [e:\jenkins\tmp\workspace\build\src\src\hotspot\share\interpreter\linkResolver.cpp, line 766]
Event: 13.511 Thread 0x000002ce4b3b3020 Exception <a 'java/lang/NoSuchMethodError'{0x00000000caa81d18}: 'void java.lang.invoke.DirectMethodHandle$Holder.invokeInterface(java.lang.Object, java.lang.Object, int)'> (0x00000000caa81d18) 
thrown [e:\jenkins\tmp\workspace\build\src\src\hotspot\share\interpreter\linkResolver.cpp, line 766]
Event: 13.520 Thread 0x000002ce4b3b3020 Exception <a 'java/lang/IncompatibleClassChangeError'{0x00000000caad20e0}: Found class java.lang.Object, but interface was expected> (0x00000000caad20e0) 
thrown [e:\jenkins\tmp\workspace\build\src\src\hotspot\share\interpreter\linkResolver.cpp, line 833]
Event: 13.521 Thread 0x000002ce4b3b3020 Exception <a 'java/lang/NoSuchMethodError'{0x00000000caad7268}: 'void java.lang.invoke.DirectMethodHandle$Holder.invokeStatic(java.lang.Object, int, java.lang.Object)'> (0x00000000caad7268) 
thrown [e:\jenkins\tmp\workspace\build\src\src\hotspot\share\interpreter\linkResolver.cpp, line 766]
Event: 13.590 Thread 0x000002ce4b3b3020 Exception <a 'java/lang/NoSuchMethodError'{0x00000000ca906cd8}: 'int java.lang.invoke.DirectMethodHandle$Holder.invokeSpecial(java.lang.Object, java.lang.Object, int)'> (0x00000000ca906cd8) 
thrown [e:\jenkins\tmp\workspace\build\src\src\hotspot\share\interpreter\linkResolver.cpp, line 766]

VM Operations (20 events):
Event: 12.228 Executing VM operation: Cleanup
Event: 12.229 Executing VM operation: Cleanup done
Event: 12.230 Executing VM operation: HandshakeAllThreads
Event: 12.230 Executing VM operation: HandshakeAllThreads done
Event: 12.236 Executing VM operation: G1CollectForAllocation
Event: 12.240 Executing VM operation: G1CollectForAllocation done
Event: 12.368 Executing VM operation: HandshakeAllThreads
Event: 12.368 Executing VM operation: HandshakeAllThreads done
Event: 12.777 Executing VM operation: HandshakeAllThreads
Event: 12.777 Executing VM operation: HandshakeAllThreads done
Event: 12.991 Executing VM operation: HandshakeAllThreads
Event: 12.991 Executing VM operation: HandshakeAllThreads done
Event: 13.324 Executing VM operation: HandshakeAllThreads
Event: 13.324 Executing VM operation: HandshakeAllThreads done
Event: 13.324 Executing VM operation: Cleanup
Event: 13.324 Executing VM operation: Cleanup done
Event: 13.355 Executing VM operation: HandshakeAllThreads
Event: 13.355 Executing VM operation: HandshakeAllThreads done
Event: 13.742 Executing VM operation: HandshakeAllThreads
Event: 13.742 Executing VM operation: HandshakeAllThreads done

Events (20 events):
Event: 13.783 loading class javax/management/JMRuntimeException
Event: 13.783 loading class javax/management/JMRuntimeException done
Event: 13.783 loading class javax/management/RuntimeOperationsException done
Event: 13.783 loading class javax/management/MBeanException
Event: 13.783 loading class javax/management/MBeanException done
Event: 13.783 loading class javax/management/ServiceNotFoundException
Event: 13.783 loading class javax/management/ServiceNotFoundException done
Event: 13.783 loading class java/util/concurrent/locks/ReentrantReadWriteLock
Event: 13.784 loading class java/util/concurrent/locks/ReentrantReadWriteLock done
Event: 13.784 loading class java/util/concurrent/locks/ReentrantReadWriteLock$NonfairSync
Event: 13.784 loading class java/util/concurrent/locks/ReentrantReadWriteLock$Sync
Event: 13.784 loading class java/util/concurrent/locks/ReentrantReadWriteLock$Sync done
Event: 13.784 loading class java/util/concurrent/locks/ReentrantReadWriteLock$NonfairSync done
Event: 13.784 loading class java/util/concurrent/locks/ReentrantReadWriteLock$Sync$ThreadLocalHoldCounter
Event: 13.784 loading class java/util/concurrent/locks/ReentrantReadWriteLock$Sync$ThreadLocalHoldCounter done
Event: 13.784 loading class java/util/concurrent/locks/ReentrantReadWriteLock$ReadLock
Event: 13.784 loading class java/util/concurrent/locks/ReentrantReadWriteLock$ReadLock done
Event: 13.784 loading class java/util/concurrent/locks/ReentrantReadWriteLock$WriteLock
Event: 13.784 loading class java/util/concurrent/locks/ReentrantReadWriteLock$WriteLock done
Event: 13.787 loading class javax/management/MBeanFeatureInfo


Dynamic libraries:
0x00007ff72f9d0000 - 0x00007ff72f9de000 	C:\Users\alvaro\OneDrive\Proyectos_de_Programacion\Proyecto Alkemy - Java\sts-4.15.1.RELEASE\plugins\org.eclipse.justj.openjdk.hotspot.jre.full.win32.x86_64_17.0.3.v20220515-1416\jre\bin\javaw.exe
0x00007ffda20b0000 - 0x00007ffda22c4000 	C:\WINDOWS\SYSTEM32\ntdll.dll
0x00007ffda0a80000 - 0x00007ffda0b42000 	C:\WINDOWS\System32\KERNEL32.DLL
0x00007ffd9f720000 - 0x00007ffd9fabc000 	C:\WINDOWS\System32\KERNELBASE.dll
0x00007ffd9fda0000 - 0x00007ffd9feb1000 	C:\WINDOWS\System32\ucrtbase.dll
0x00007ffd73750000 - 0x00007ffd73768000 	C:\Users\alvaro\OneDrive\Proyectos_de_Programacion\Proyecto Alkemy - Java\sts-4.15.1.RELEASE\plugins\org.eclipse.justj.openjdk.hotspot.jre.full.win32.x86_64_17.0.3.v20220515-1416\jre\bin\jli.dll
0x00007ffda0410000 - 0x00007ffda05bb000 	C:\WINDOWS\System32\USER32.dll
0x00007ffd9fd70000 - 0x00007ffd9fd96000 	C:\WINDOWS\System32\win32u.dll
0x00007ffda1fd0000 - 0x00007ffda1ff9000 	C:\WINDOWS\System32\GDI32.dll
0x00007ffd9fc50000 - 0x00007ffd9fd62000 	C:\WINDOWS\System32\gdi32full.dll
0x00007ffd9fbb0000 - 0x00007ffd9fc4a000 	C:\WINDOWS\System32\msvcp_win.dll
0x00007ffd83d50000 - 0x00007ffd83fde000 	C:\WINDOWS\WinSxS\amd64_microsoft.windows.common-controls_6595b64144ccf1df_6.0.22621.436_none_a94247dbc10d8414\COMCTL32.dll
0x00007ffda1cd0000 - 0x00007ffda1d77000 	C:\WINDOWS\System32\msvcrt.dll
0x00007ffd6c7e0000 - 0x00007ffd6c7f9000 	C:\Users\alvaro\OneDrive\Proyectos_de_Programacion\Proyecto Alkemy - Java\sts-4.15.1.RELEASE\plugins\org.eclipse.justj.openjdk.hotspot.jre.full.win32.x86_64_17.0.3.v20220515-1416\jre\bin\VCRUNTIME140.dll
0x00007ffda0910000 - 0x00007ffda0941000 	C:\WINDOWS\System32\IMM32.DLL
0x00007ffd963a0000 - 0x00007ffd963ac000 	C:\Users\alvaro\OneDrive\Proyectos_de_Programacion\Proyecto Alkemy - Java\sts-4.15.1.RELEASE\plugins\org.eclipse.justj.openjdk.hotspot.jre.full.win32.x86_64_17.0.3.v20220515-1416\jre\bin\vcruntime140_1.dll
0x00007ffd52d20000 - 0x00007ffd52db1000 	C:\Users\alvaro\OneDrive\Proyectos_de_Programacion\Proyecto Alkemy - Java\sts-4.15.1.RELEASE\plugins\org.eclipse.justj.openjdk.hotspot.jre.full.win32.x86_64_17.0.3.v20220515-1416\jre\bin\msvcp140.dll
0x00007ffd384b0000 - 0x00007ffd390f8000 	C:\Users\alvaro\OneDrive\Proyectos_de_Programacion\Proyecto Alkemy - Java\sts-4.15.1.RELEASE\plugins\org.eclipse.justj.openjdk.hotspot.jre.full.win32.x86_64_17.0.3.v20220515-1416\jre\bin\server\jvm.dll
0x00007ffda09d0000 - 0x00007ffda0a7e000 	C:\WINDOWS\System32\ADVAPI32.dll
0x00007ffda0750000 - 0x00007ffda07f4000 	C:\WINDOWS\System32\sechost.dll
0x00007ffda1790000 - 0x00007ffda18a5000 	C:\WINDOWS\System32\RPCRT4.dll
0x00007ffda1390000 - 0x00007ffda1398000 	C:\WINDOWS\System32\PSAPI.DLL
0x00007ffd90e00000 - 0x00007ffd90e09000 	C:\WINDOWS\SYSTEM32\WSOCK32.dll
0x00007ffda0950000 - 0x00007ffda09c1000 	C:\WINDOWS\System32\WS2_32.dll
0x00007ffd9a0c0000 - 0x00007ffd9a0f4000 	C:\WINDOWS\SYSTEM32\WINMM.dll
0x00007ffd99990000 - 0x00007ffd9999a000 	C:\WINDOWS\SYSTEM32\VERSION.dll
0x00007ffd9e570000 - 0x00007ffd9e588000 	C:\WINDOWS\SYSTEM32\kernel.appcore.dll
0x00007ffd90df0000 - 0x00007ffd90dfa000 	C:\Users\alvaro\OneDrive\Proyectos_de_Programacion\Proyecto Alkemy - Java\sts-4.15.1.RELEASE\plugins\org.eclipse.justj.openjdk.hotspot.jre.full.win32.x86_64_17.0.3.v20220515-1416\jre\bin\jimage.dll
0x00007ffd927f0000 - 0x00007ffd92a1e000 	C:\WINDOWS\SYSTEM32\DBGHELP.DLL
0x00007ffda1400000 - 0x00007ffda1789000 	C:\WINDOWS\System32\combase.dll
0x00007ffda1ea0000 - 0x00007ffda1f77000 	C:\WINDOWS\System32\OLEAUT32.dll
0x00007ffd92130000 - 0x00007ffd92162000 	C:\WINDOWS\SYSTEM32\dbgcore.DLL
0x00007ffd9fb30000 - 0x00007ffd9fbab000 	C:\WINDOWS\System32\bcryptPrimitives.dll
0x00007ffd6afc0000 - 0x00007ffd6afe5000 	C:\Users\alvaro\OneDrive\Proyectos_de_Programacion\Proyecto Alkemy - Java\sts-4.15.1.RELEASE\plugins\org.eclipse.justj.openjdk.hotspot.jre.full.win32.x86_64_17.0.3.v20220515-1416\jre\bin\java.dll
0x00007ffd761a0000 - 0x00007ffd761b8000 	C:\Users\alvaro\OneDrive\Proyectos_de_Programacion\Proyecto Alkemy - Java\sts-4.15.1.RELEASE\plugins\org.eclipse.justj.openjdk.hotspot.jre.full.win32.x86_64_17.0.3.v20220515-1416\jre\bin\zip.dll
0x00007ffda0bb0000 - 0x00007ffda138b000 	C:\WINDOWS\System32\SHELL32.dll
0x00007ffd9d550000 - 0x00007ffd9de04000 	C:\WINDOWS\SYSTEM32\windows.storage.dll
0x00007ffd9d410000 - 0x00007ffd9d54d000 	C:\WINDOWS\SYSTEM32\wintypes.dll
0x00007ffda0800000 - 0x00007ffda08f1000 	C:\WINDOWS\System32\SHCORE.dll
0x00007ffda0b50000 - 0x00007ffda0bae000 	C:\WINDOWS\System32\shlwapi.dll
0x00007ffd9f420000 - 0x00007ffd9f441000 	C:\WINDOWS\SYSTEM32\profapi.dll
0x00007ffd75fd0000 - 0x00007ffd75fe9000 	C:\Users\alvaro\OneDrive\Proyectos_de_Programacion\Proyecto Alkemy - Java\sts-4.15.1.RELEASE\plugins\org.eclipse.justj.openjdk.hotspot.jre.full.win32.x86_64_17.0.3.v20220515-1416\jre\bin\net.dll
0x00007ffd99aa0000 - 0x00007ffd99bcf000 	C:\WINDOWS\SYSTEM32\WINHTTP.dll
0x00007ffd9e9d0000 - 0x00007ffd9ea39000 	C:\WINDOWS\system32\mswsock.dll
0x00007ffd736f0000 - 0x00007ffd73705000 	C:\Users\alvaro\OneDrive\Proyectos_de_Programacion\Proyecto Alkemy - Java\sts-4.15.1.RELEASE\plugins\org.eclipse.justj.openjdk.hotspot.jre.full.win32.x86_64_17.0.3.v20220515-1416\jre\bin\nio.dll
0x00007ffd909b0000 - 0x00007ffd909c0000 	C:\Users\alvaro\OneDrive\Proyectos_de_Programacion\Proyecto Alkemy - Java\sts-4.15.1.RELEASE\plugins\org.eclipse.justj.openjdk.hotspot.jre.full.win32.x86_64_17.0.3.v20220515-1416\jre\bin\verify.dll
0x00007ffd78850000 - 0x00007ffd78859000 	C:\Users\alvaro\OneDrive\Proyectos_de_Programacion\Proyecto Alkemy - Java\sts-4.15.1.RELEASE\plugins\org.eclipse.justj.openjdk.hotspot.jre.full.win32.x86_64_17.0.3.v20220515-1416\jre\bin\management.dll
0x00007ffd78770000 - 0x00007ffd7877b000 	C:\Users\alvaro\OneDrive\Proyectos_de_Programacion\Proyecto Alkemy - Java\sts-4.15.1.RELEASE\plugins\org.eclipse.justj.openjdk.hotspot.jre.full.win32.x86_64_17.0.3.v20220515-1416\jre\bin\management_ext.dll
0x00007ffd84360000 - 0x00007ffd84377000 	C:\WINDOWS\system32\napinsp.dll
0x00007ffd81760000 - 0x00007ffd8177b000 	C:\WINDOWS\system32\pnrpnsp.dll
0x00007ffd9e080000 - 0x00007ffd9e172000 	C:\WINDOWS\SYSTEM32\DNSAPI.dll
0x00007ffd9e050000 - 0x00007ffd9e07d000 	C:\WINDOWS\SYSTEM32\IPHLPAPI.DLL
0x00007ffda0900000 - 0x00007ffda0909000 	C:\WINDOWS\System32\NSI.dll
0x00007ffd81740000 - 0x00007ffd81751000 	C:\WINDOWS\System32\winrnr.dll
0x00007ffd81720000 - 0x00007ffd81735000 	C:\WINDOWS\system32\wshbth.dll
0x00007ffd816f0000 - 0x00007ffd81711000 	C:\WINDOWS\system32\nlansp_c.dll
0x00007ffd87e50000 - 0x00007ffd87e5a000 	C:\Windows\System32\rasadhlp.dll
0x00007ffd98540000 - 0x00007ffd985c3000 	C:\WINDOWS\System32\fwpuclnt.dll

dbghelp: loaded successfully - version: 4.0.5 - missing functions: none
symbol engine: initialized successfully - sym options: 0x614 - pdb path: .;C:\Users\alvaro\OneDrive\Proyectos_de_Programacion\Proyecto Alkemy - Java\sts-4.15.1.RELEASE\plugins\org.eclipse.justj.openjdk.hotspot.jre.full.win32.x86_64_17.0.3.v20220515-1416\jre\bin;C:\WINDOWS\SYSTEM32;C:\WINDOWS\WinSxS\amd64_microsoft.windows.common-controls_6595b64144ccf1df_6.0.22621.436_none_a94247dbc10d8414;C:\Users\alvaro\OneDrive\Proyectos_de_Programacion\Proyecto Alkemy - Java\sts-4.15.1.RELEASE\plugins\org.eclipse.justj.openjdk.hotspot.jre.full.win32.x86_64_17.0.3.v20220515-1416\jre\bin\server

VM Arguments:
jvm_args: -Dfile.encoding=UTF-8 -XX:+ShowCodeDetailsInExceptionMessages 
java_command: com.alkemy.disney.DisneyApplication
java_class_path (initial): C:\Users\alvaro\OneDrive\Proyectos_de_Programacion\Proyecto Alkemy - Java\mundo-disney-api\target\classes;C:\Users\alvaro\.m2\repository\org\springframework\boot\spring-boot-starter-data-jpa\2.7.2\spring-boot-starter-data-jpa-2.7.2.jar;C:\Users\alvaro\.m2\repository\org\springframework\boot\spring-boot-starter-aop\2.7.2\spring-boot-starter-aop-2.7.2.jar;C:\Users\alvaro\.m2\repository\org\springframework\spring-aop\5.3.22\spring-aop-5.3.22.jar;C:\Users\alvaro\.m2\repository\org\aspectj\aspectjweaver\1.9.7\aspectjweaver-1.9.7.jar;C:\Users\alvaro\.m2\repository\org\springframework\boot\spring-boot-starter-jdbc\2.7.2\spring-boot-starter-jdbc-2.7.2.jar;C:\Users\alvaro\.m2\repository\com\zaxxer\HikariCP\4.0.3\HikariCP-4.0.3.jar;C:\Users\alvaro\.m2\repository\org\springframework\spring-jdbc\5.3.22\spring-jdbc-5.3.22.jar;C:\Users\alvaro\.m2\repository\jakarta\transaction\jakarta.transaction-api\1.3.3\jakarta.transaction-api-1.3.3.jar;C:\Users\alvaro\.m2\repository\jakarta\persistence\jakarta.persistence-api\2.2.3\jakarta.persistence-api-2.2.3.jar;C:\Users\alvaro\.m2\repository\org\hibernate\hibernate-core\5.6.10.Final\hibernate-core-5.6.10.Final.jar;C:\Users\alvaro\.m2\repository\org\jboss\logging\jboss-logging\3.4.3.Final\jboss-logging-3.4.3.Final.jar;C:\Users\alvaro\.m2\repository\net\bytebuddy\byte-buddy\1.12.12\byte-buddy-1.12.12.jar;C:\Users\alvaro\.m2\repository\antlr\antlr\2.7.7\antlr-2.7.7.jar;C:\Users\alvaro\.m2\repository\org\jboss\jandex\2.4.2.Final\jandex-2.4.2.Final.jar;C:\Users\alvaro\.m2\repository\com\fasterxml\classmate\1.5.1\classmate-1.5.1.jar;C:\Users\alvaro\.m2\repository\org\hibernate\common\hibernate-commons-annotations\5.1.2.Final\hibernate-commons-annotations-5.1.2.Final.jar;C:\Users\alvaro\.m2\repository\org\glassfish\jaxb\jaxb-runtime\2.3.6\jaxb-runtime-2.3.6.jar;C:\Users\alvaro\.m2\repository\org\glassfish\jaxb\txw2\2.3.6\txw2-2.3.6.jar;C:\Users\alvaro\.m2\repository\com\sun\istack\istack-commons-runtime\3.0.12\istack
Launcher Type: SUN_STANDARD

[Global flags]
     intx CICompilerCount                          = 3                                         {product} {ergonomic}
     uint ConcGCThreads                            = 1                                         {product} {ergonomic}
     uint G1ConcRefinementThreads                  = 4                                         {product} {ergonomic}
   size_t G1HeapRegionSize                         = 1048576                                   {product} {ergonomic}
    uintx GCDrainStackTargetSize                   = 64                                        {product} {ergonomic}
   size_t InitialHeapSize                          = 58720256                                  {product} {ergonomic}
   size_t MarkStackSize                            = 4194304                                   {product} {ergonomic}
   size_t MaxHeapSize                              = 924844032                                 {product} {ergonomic}
   size_t MaxNewSize                               = 554696704                                 {product} {ergonomic}
   size_t MinHeapDeltaBytes                        = 1048576                                   {product} {ergonomic}
   size_t MinHeapSize                              = 8388608                                   {product} {ergonomic}
    uintx NonNMethodCodeHeapSize                   = 5832780                                {pd product} {ergonomic}
    uintx NonProfiledCodeHeapSize                  = 122912730                              {pd product} {ergonomic}
    uintx ProfiledCodeHeapSize                     = 122912730                              {pd product} {ergonomic}
    uintx ReservedCodeCacheSize                    = 251658240                              {pd product} {ergonomic}
     bool SegmentedCodeCache                       = true                                      {product} {ergonomic}
     bool ShowCodeDetailsInExceptionMessages       = true                                   {manageable} {command line}
   size_t SoftMaxHeapSize                          = 924844032                              {manageable} {ergonomic}
     bool UseCompressedClassPointers               = true                           {product lp64_product} {ergonomic}
     bool UseCompressedOops                        = true                           {product lp64_product} {ergonomic}
     bool UseG1GC                                  = true                                      {product} {ergonomic}
     bool UseLargePagesIndividualAllocation        = false                                  {pd product} {ergonomic}

Logging:
Log output configuration:
 #0: stdout all=warning uptime,level,tags
 #1: stderr all=off uptime,level,tags

Environment Variables:
PATH=C:/Users/alvaro/OneDrive/Proyectos_de_Programacion/Proyecto Alkemy - Java/sts-4.15.1.RELEASE//plugins/org.eclipse.justj.openjdk.hotspot.jre.full.win32.x86_64_17.0.3.v20220515-1416/jre/bin/server;C:/Users/alvaro/OneDrive/Proyectos_de_Programacion/Proyecto Alkemy - Java/sts-4.15.1.RELEASE//plugins/org.eclipse.justj.openjdk.hotspot.jre.full.win32.x86_64_17.0.3.v20220515-1416/jre/bin;C:\Program Files\Common Files\Oracle\Java\javapath;C:\WINDOWS\system32;C:\WINDOWS;C:\WINDOWS\System32\Wbem;C:\WINDOWS\System32\WindowsPowerShell\v1.0\;C:\WINDOWS\System32\OpenSSH\;C:\Program Files\Java\jdk-11.0.15\bin;C:\Program Files\Git\cmd;C:\Users\User\py\packages;C:\Program Files\MySQL\MySQL Shell 8.0\bin\;C:\Users\alvaro\AppData\Local\Programs\Python\Python310\Scripts\;C:\Users\alvaro\AppData\Local\Programs\Python\Python310\;C:\Users\alvaro\AppData\Local\Microsoft\WindowsApps;C:\Users\alvaro\AppData\Local\Programs\Microsoft VS Code\bin;C:\Program Files\Java\jdk-11.0.15\bin;C:\Program Files (x86)\Nmap;C:\Users\User\py\packages;;C:\Users\alvaro\OneDrive\Proyectos_de_Programacion\Proyecto Alkemy - Java\sts-4.15.1.RELEASE;
USERNAME=alvaro
OS=Windows_NT
PROCESSOR_IDENTIFIER=AMD64 Family 23 Model 24 Stepping 1, AuthenticAMD



---------------  S Y S T E M  ---------------

OS:
 Windows 11 , 64 bit Build 22621 (10.0.22621.436)
OS uptime: 3 days 22:23 hours

CPU: total 4 (initial active 4) (4 cores per cpu, 2 threads per core) family 23 model 24 stepping 1 microcode 0x0, cx8, cmov, fxsr, ht, mmx, 3dnowpref, sse, sse2, sse3, ssse3, sse4a, sse4.1, sse4.2, popcnt, lzcnt, tsc, tscinvbit, avx, avx2, aes, clmul, bmi1, bmi2, adx, sha, fma, vzeroupper, clflush, clflushopt

Memory: 4k page, system-wide physical 3526M (193M free)
TotalPageFile size 14278M (AvailPageFile size 7M)
current process WorkingSet (physical memory assigned to process): 139M, peak: 141M
current process commit charge ("private bytes"): 165M, peak: 169M

vm_info: OpenJDK 64-Bit Server VM (17.0.3+7) for windows-amd64 JRE (17.0.3+7), built on Apr 19 2022 16:55:35 by "" with MS VC++ 16.7 (VS2019)

END.
